[2025-04-10 15:01] [logger.py|_log] [line:72] DEBUG   : Loading embedding model: local/bge-large-zh-v1.5
[2025-04-10 15:01] [logger.py|_log] [line:74] INFO    : Embedding model `bge-large-zh-v1.5` loaded.
[2025-04-10 15:01] [logger.py|_log] [line:74] INFO    : parse_file - Using OCR pipeline for /data/Langagent/deepdoc/data/picture.pdf
[2025-04-10 15:03] [logger.py|_log] [line:72] DEBUG   : Loading embedding model: local/bge-large-zh-v1.5
[2025-04-10 15:03] [logger.py|_log] [line:74] INFO    : Embedding model `bge-large-zh-v1.5` loaded.
[2025-04-10 15:03] [logger.py|_log] [line:74] INFO    : parse_file - Using OCR pipeline for /data/Langagent/deepdoc/data/picture.pdf
[2025-04-10 15:03] [logger.py|_log] [line:74] INFO    : Batch encoding 1 messages
[2025-04-10 15:03] [logger.py|_log] [line:74] INFO    : Encoding messages 0 to 20 out of 1
[2025-04-10 15:04] [logger.py|_log] [line:72] DEBUG   : Loading embedding model: local/bge-large-zh-v1.5
[2025-04-10 15:04] [logger.py|_log] [line:74] INFO    : Embedding model `bge-large-zh-v1.5` loaded.
[2025-04-10 15:04] [logger.py|_log] [line:74] INFO    : parse_file - Using OCR pipeline for /data/Langagent/deepdoc/data/picture.pdf
[2025-04-10 15:04] [logger.py|_log] [line:74] INFO    : Batch encoding 1 messages
[2025-04-10 15:04] [logger.py|_log] [line:74] INFO    : Encoding messages 0 to 20 out of 1
[2025-04-10 15:05] [logger.py|_log] [line:72] DEBUG   : Loading embedding model: local/bge-large-zh-v1.5
[2025-04-10 15:05] [logger.py|_log] [line:74] INFO    : Embedding model `bge-large-zh-v1.5` loaded.
[2025-04-10 15:05] [logger.py|_log] [line:74] INFO    : parse_file - Using OCR pipeline for /data/Langagent/deepdoc/data/picture.pdf
[2025-04-10 15:05] [logger.py|_log] [line:74] INFO    : Batch encoding 1 messages
[2025-04-10 15:05] [logger.py|_log] [line:74] INFO    : Encoding messages 0 to 20 out of 1
[2025-04-10 15:07] [logger.py|_log] [line:72] DEBUG   : Loading embedding model: local/bge-large-zh-v1.5
[2025-04-10 15:07] [logger.py|_log] [line:74] INFO    : Embedding model `bge-large-zh-v1.5` loaded.
[2025-04-10 15:07] [logger.py|_log] [line:74] INFO    : parse_file - Using OCR pipeline for /data/Langagent/deepdoc/data/picture.pdf
[2025-04-10 15:07] [logger.py|_log] [line:74] INFO    : Batch encoding 1 messages
[2025-04-10 15:07] [logger.py|_log] [line:74] INFO    : Encoding messages 0 to 20 out of 1
[2025-04-10 15:08] [logger.py|_log] [line:72] DEBUG   : Loading embedding model: local/bge-large-zh-v1.5
[2025-04-10 15:08] [logger.py|_log] [line:74] INFO    : Embedding model `bge-large-zh-v1.5` loaded.
[2025-04-10 15:08] [logger.py|_log] [line:74] INFO    : parse_file - Using OCR pipeline for /data/Langagent/knowledge_base/pk_pdf/editable/advanced-manual_TC.pdf
[2025-04-10 15:08] [logger.py|_log] [line:74] INFO    : Batch encoding 48 messages
[2025-04-10 15:08] [logger.py|_log] [line:74] INFO    : Encoding messages 0 to 20 out of 48
[2025-04-10 15:08] [logger.py|_log] [line:74] INFO    : Encoding messages 20 to 40 out of 48
[2025-04-10 15:08] [logger.py|_log] [line:74] INFO    : Encoding messages 40 to 60 out of 48
[2025-04-10 15:09] [logger.py|_log] [line:72] DEBUG   : Loading embedding model: local/bge-large-zh-v1.5
[2025-04-10 15:09] [logger.py|_log] [line:74] INFO    : Embedding model `bge-large-zh-v1.5` loaded.
[2025-04-10 15:09] [logger.py|_log] [line:74] INFO    : parse_file - Using simple read for /data/Langagent/resources/models/ocr/README.md
[2025-04-10 15:09] [logger.py|_log] [line:74] INFO    : Batch encoding 1 messages
[2025-04-10 15:09] [logger.py|_log] [line:74] INFO    : Encoding messages 0 to 20 out of 1
